<?xml version="1.0" encoding="UTF-8"?>
<!-- Generated by org.testng.reporters.JUnitReportReporter -->
<testsuite skipped="0" hostname="Hungs-MacBook-Air.local" name="com.framework.tests.TestCases" tests="2" failures="0" timestamp="18 Jun 2017 17:21:13 GMT" time="10.461" errors="0">
  <testcase name="TestMethode1" time="10.460" classname="com.framework.tests.TestCases"/>
  <testcase name="TestMethode2" time="0.001" classname="com.framework.tests.TestCases"/>
</testsuite> <!-- com.framework.tests.TestCases -->
